<?xml version="1.0" encoding="UTF-8"?>
<!-- Generated by org.testng.reporters.JUnitReportReporter -->
<testsuite hostname="DESKTOP-5BSV53G" failures="0" tests="2" name="TestLayer.OneWayTrip" time="44.180" errors="0" timestamp="2024-01-30T09:47:45 IST" skipped="0">
  <testcase classname="TestLayer.OneWayTrip" name="VerifyLogo" time="23.267"/>
  <system-out/>
  <testcase classname="TestLayer.OneWayTrip" name="selTrip" time="20.913"/>
  <system-out/>
</testsuite> <!-- TestLayer.OneWayTrip -->
